# JRE version: Java(TM) SE Runtime Environment (16.0.2+7) (build 16.0.2+7-67)
# Java VM: Java HotSpot(TM) 64-Bit Server VM (16.0.2+7-67, mixed mode, sharing, tiered, compressed oops, compressed class ptrs, g1 gc, windows-amd64)
GC Precious Log:
 CPUs: 4 total, 4 available
 Memory: 7953M
 Large Page Support: Disabled
 NUMA Support: Disabled
 Compressed Oops: Enabled (32-bit)
 Heap Region Size: 1M
 Heap Min Capacity: 256M
 Heap Initial Capacity: 256M
 Heap Max Capacity: 512M
 Pre-touch: Disabled
 Parallel Workers: 4
 Concurrent Workers: 1
 Concurrent Refinement Workers: 4
 Periodic GC: Disabled
Heap:
 garbage-first heap   total 262144K, used 162816K [0x00000000e0000000, 0x0000000100000000)
  region size 1024K, 5 young (5120K), 5 survivors (5120K)
 Metaspace       used 73121K, committed 73984K, reserved 278528K
  class space    used 9796K, committed 10240K, reserved 212992K
GC Heap History (20 events):
Event: 1090.930 GC heap after
{Heap after GC invocations=11 (full 0):
 garbage-first heap   total 262144K, used 57043K [0x00000000e0000000, 0x0000000100000000)
  region size 1024K, 14 young (14336K), 14 survivors (14336K)
 Metaspace       used 65610K, committed 66240K, reserved 278528K
  class space    used 8935K, committed 9216K, reserved 212992K
}
Event: 1091.087 GC heap before
{Heap before GC invocations=11 (full 0):
 garbage-first heap   total 262144K, used 58067K [0x00000000e0000000, 0x0000000100000000)
  region size 1024K, 15 young (15360K), 14 survivors (14336K)
 Metaspace       used 65646K, committed 66304K, reserved 278528K
  class space    used 8938K, committed 9216K, reserved 212992K
}
Event: 1091.110 GC heap after
{Heap after GC invocations=12 (full 0):
 garbage-first heap   total 262144K, used 59119K [0x00000000e0000000, 0x0000000100000000)
  region size 1024K, 2 young (2048K), 2 survivors (2048K)
 Metaspace       used 65646K, committed 66304K, reserved 278528K
  class space    used 8938K, committed 9216K, reserved 212992K
}
Event: 1092.687 GC heap before
{Heap before GC invocations=12 (full 0):
 garbage-first heap   total 262144K, used 93935K [0x00000000e0000000, 0x0000000100000000)
  region size 1024K, 36 young (36864K), 2 survivors (2048K)
 Metaspace       used 66140K, committed 66816K, reserved 278528K
  class space    used 8948K, committed 9280K, reserved 212992K
}
Event: 1092.697 GC heap after
{Heap after GC invocations=13 (full 0):
 garbage-first heap   total 262144K, used 59845K [0x00000000e0000000, 0x0000000100000000)
  region size 1024K, 3 young (3072K), 3 survivors (3072K)
 Metaspace       used 66140K, committed 66816K, reserved 278528K
  class space    used 8948K, committed 9280K, reserved 212992K
}
Event: 1103.456 GC heap before
{Heap before GC invocations=13 (full 0):
 garbage-first heap   total 262144K, used 112069K [0x00000000e0000000, 0x0000000100000000)
  region size 1024K, 55 young (56320K), 3 survivors (3072K)
 Metaspace       used 70131K, committed 70912K, reserved 278528K
  class space    used 9505K, committed 9856K, reserved 212992K
}
Event: 1103.475 GC heap after
{Heap after GC invocations=14 (full 0):
 garbage-first heap   total 262144K, used 63840K [0x00000000e0000000, 0x0000000100000000)
  region size 1024K, 7 young (7168K), 7 survivors (7168K)
 Metaspace       used 70131K, committed 70912K, reserved 278528K
  class space    used 9505K, committed 9856K, reserved 212992K
}
Event: 1702.261 GC heap before
{Heap before GC invocations=14 (full 0):
 garbage-first heap   total 262144K, used 109920K [0x00000000e0000000, 0x0000000100000000)
  region size 1024K, 53 young (54272K), 7 survivors (7168K)
 Metaspace       used 72099K, committed 72896K, reserved 278528K
  class space    used 9763K, committed 10176K, reserved 212992K
}
Event: 1702.368 GC heap after
{Heap after GC invocations=15 (full 0):
 garbage-first heap   total 262144K, used 64622K [0x00000000e0000000, 0x0000000100000000)
  region size 1024K, 3 young (3072K), 3 survivors (3072K)
 Metaspace       used 72099K, committed 72896K, reserved 278528K
  class space    used 9763K, committed 10176K, reserved 212992K
}
Event: 1711.334 GC heap before
{Heap before GC invocations=15 (full 0):
 garbage-first heap   total 262144K, used 145518K [0x00000000e0000000, 0x0000000100000000)
  region size 1024K, 83 young (84992K), 3 survivors (3072K)
 Metaspace       used 73043K, committed 73920K, reserved 278528K
  class space    used 9794K, committed 10240K, reserved 212992K
}
Event: 1711.397 GC heap after
{Heap after GC invocations=16 (full 0):
 garbage-first heap   total 262144K, used 83475K [0x00000000e0000000, 0x0000000100000000)
  region size 1024K, 11 young (11264K), 11 survivors (11264K)
 Metaspace       used 73043K, committed 73920K, reserved 278528K
  class space    used 9794K, committed 10240K, reserved 212992K
}
Event: 1711.598 GC heap before
{Heap before GC invocations=16 (full 0):
 garbage-first heap   total 262144K, used 107027K [0x00000000e0000000, 0x0000000100000000)
  region size 1024K, 34 young (34816K), 11 survivors (11264K)
 Metaspace       used 73057K, committed 73920K, reserved 278528K
  class space    used 9794K, committed 10240K, reserved 212992K
}
Event: 1711.639 GC heap after
{Heap after GC invocations=17 (full 0):
 garbage-first heap   total 262144K, used 97696K [0x00000000e0000000, 0x0000000100000000)
  region size 1024K, 5 young (5120K), 5 survivors (5120K)
 Metaspace       used 73057K, committed 73920K, reserved 278528K
  class space    used 9794K, committed 10240K, reserved 212992K
}
Event: 1711.830 GC heap before
{Heap before GC invocations=17 (full 0):
 garbage-first heap   total 262144K, used 122272K [0x00000000e0000000, 0x0000000100000000)
  region size 1024K, 29 young (29696K), 5 survivors (5120K)
 Metaspace       used 73104K, committed 73984K, reserved 278528K
  class space    used 9795K, committed 10240K, reserved 212992K
}
Event: 1711.878 GC heap after
{Heap after GC invocations=18 (full 0):
 garbage-first heap   total 262144K, used 111104K [0x00000000e0000000, 0x0000000100000000)
  region size 1024K, 4 young (4096K), 4 survivors (4096K)
 Metaspace       used 73104K, committed 73984K, reserved 278528K
  class space    used 9795K, committed 10240K, reserved 212992K
}
Event: 1712.495 GC heap before
{Heap before GC invocations=18 (full 0):
 garbage-first heap   total 262144K, used 144896K [0x00000000e0000000, 0x0000000100000000)
  region size 1024K, 37 young (37888K), 4 survivors (4096K)
 Metaspace       used 73121K, committed 73984K, reserved 278528K
  class space    used 9796K, committed 10240K, reserved 212992K
}
Event: 1712.534 GC heap after
{Heap after GC invocations=19 (full 0):
 garbage-first heap   total 262144K, used 126464K [0x00000000e0000000, 0x0000000100000000)
  region size 1024K, 5 young (5120K), 5 survivors (5120K)
 Metaspace       used 73121K, committed 73984K, reserved 278528K
  class space    used 9796K, committed 10240K, reserved 212992K
}
Event: 1713.098 GC heap before
{Heap before GC invocations=19 (full 0):
 garbage-first heap   total 262144K, used 169472K [0x00000000e0000000, 0x0000000100000000)
  region size 1024K, 47 young (48128K), 5 survivors (5120K)
 Metaspace       used 73121K, committed 73984K, reserved 278528K
  class space    used 9796K, committed 10240K, reserved 212992K
}
Event: 1713.302 GC heap after
{Heap after GC invocations=20 (full 0):
 garbage-first heap   total 262144K, used 146432K [0x00000000e0000000, 0x0000000100000000)
  region size 1024K, 6 young (6144K), 6 survivors (6144K)
 Metaspace       used 73121K, committed 73984K, reserved 278528K
  class space    used 9796K, committed 10240K, reserved 212992K
}
Event: 1713.444 GC heap before
{Heap before GC invocations=20 (full 0):
 garbage-first heap   total 262144K, used 174080K [0x00000000e0000000, 0x0000000100000000)
  region size 1024K, 33 young (33792K), 6 survivors (6144K)
 Metaspace       used 73121K, committed 73984K, reserved 278528K
  class space    used 9796K, committed 10240K, reserved 212992K
}

